TN:
SF:index.js
FN:12,(anonymous_0)
FN:18,(anonymous_1)
FN:19,(anonymous_2)
FN:31,(anonymous_3)
FN:32,(anonymous_4)
FN:45,(anonymous_5)
FN:46,(anonymous_6)
FN:58,(anonymous_7)
FN:59,(anonymous_8)
FN:79,(anonymous_9)
FNF:10
FNH:9
FNDA:0,(anonymous_0)
FNDA:1,(anonymous_1)
FNDA:4,(anonymous_2)
FNDA:1,(anonymous_3)
FNDA:4,(anonymous_4)
FNDA:1,(anonymous_5)
FNDA:4,(anonymous_6)
FNDA:1,(anonymous_7)
FNDA:4,(anonymous_8)
FNDA:1,(anonymous_9)
DA:1,1
DA:2,1
DA:3,1
DA:5,1
DA:8,1
DA:9,1
DA:12,1
DA:13,0
DA:18,1
DA:19,4
DA:20,1
DA:21,1
DA:28,0
DA:31,1
DA:32,4
DA:33,1
DA:34,1
DA:41,0
DA:45,1
DA:46,4
DA:47,1
DA:48,1
DA:55,0
DA:58,1
DA:59,4
DA:60,1
DA:61,1
DA:68,0
DA:73,1
DA:74,1
DA:77,1
DA:79,1
DA:81,1
LF:33
LH:28
BRDA:20,0,0,1
BRDA:20,0,1,0
BRDA:33,1,0,1
BRDA:33,1,1,0
BRDA:47,2,0,1
BRDA:47,2,1,0
BRDA:60,3,0,1
BRDA:60,3,1,0
BRF:8
BRH:4
end_of_record
